<?xml version="1.0" encoding="UTF-8"?>
<testsuite xmlns:xsi="http://www.w3.org/2001/XMLSchema-instance" xsi:noNamespaceSchemaLocation="https://maven.apache.org/surefire/maven-surefire-plugin/xsd/surefire-test-report-3.0.xsd" version="3.0" name="TestSuite" time="20.579" tests="8" errors="0" skipped="0" failures="0">
  <properties>
[...]
</properties>
  <testcase name="runScenario[&quot;Unsuccessful submission of info and message&quot;, &quot;Contact page functionality for Jupiter Toys website&quot;](1)" classname="runner.TestRunner" time="8.129">
    <system-out><![CDATA[
Scenario: Successful submission of info and message       # src/test/resources/features/contact.feature:28

Scenario: Successful submission of info and message       # src/test/resources/features/contact.feature:30

Scenario: Successful submission of info and message       # src/test/resources/features/contact.feature:31

Scenario: Successfully added to cart and validate price                         # src/test/resources/features/Shop.feature:7

Scenario Outline: Unsuccessful submission of info and message                                                                                                                                                            # src/test/resources/features/contact.feature:17

Scenario Outline: Unsuccessful submission of info and message                                                                                                                                                                     # src/test/resources/features/contact.feature:18

Scenario: Successful submission of info and message       # src/test/resources/features/contact.feature:32

Scenario: Successful submission of info and message       # src/test/resources/features/contact.feature:29
  Given I am on the Jupiter Toys contact page             # StepDef.ContactPageStepDef.i_am_on_the_jupiter_toys_contact_page()
  Given I am on the Jupiter Toys contact page             # StepDef.ContactPageStepDef.i_am_on_the_jupiter_toys_contact_page()
  Given I am on the Jupiter Toys contact page             # StepDef.ContactPageStepDef.i_am_on_the_jupiter_toys_contact_page()
  Given I am on the Jupiter Toys contact page             # StepDef.ContactPageStepDef.i_am_on_the_jupiter_toys_contact_page()
  Given I am on the Jupiter Toys contact page                                                                                                                                                                            # StepDef.ContactPageStepDef.i_am_on_the_jupiter_toys_contact_page()
  Given I am on the Jupiter Toys contact page                                                                                                                                                                                     # StepDef.ContactPageStepDef.i_am_on_the_jupiter_toys_contact_page()
  Given I am on the Shop page                                                   # StepDef.ShopAndCartStepDef.i_am_on_the_shop_page()
  Given I am on the Jupiter Toys contact page             # StepDef.ContactPageStepDef.i_am_on_the_jupiter_toys_contact_page()

    Embedding image [image/png 46518 bytes]


    Embedding image [image/png 46518 bytes]


    Embedding image [image/png 46518 bytes]


    Embedding image [image/png 46518 bytes]


    Embedding image [image/png 46518 bytes]


    Embedding image [image/png 46518 bytes]


    Embedding image [image/png 46518 bytes]


    Embedding image [image/png 282973 bytes]

Already have the price for item Stuffed Frog
  When I take note of the price and buy 2 "Stuffed Frog"                        # StepDef.ShopAndCartStepDef.i_take_note_of_the_price_and_buy(java.lang.Integer,java.lang.String)

    Embedding image [image/png 284153 bytes]

  Given I have entered valid information and message      # StepDef.ContactPageStepDef.i_have_entered_valid_information_and_message()
  Given I have entered invalid "", "", ""                                                                                                                                                                                # StepDef.ContactPageStepDef.i_have_entered_invalid(java.lang.String,java.lang.String,java.lang.String)
  Given I have entered invalid "", "test", ""                                                                                                                                                                                     # StepDef.ContactPageStepDef.i_have_entered_invalid(java.lang.String,java.lang.String,java.lang.String)
  Given I have entered valid information and message      # StepDef.ContactPageStepDef.i_have_entered_valid_information_and_message()

    Embedding image [image/png 50083 bytes]


    Embedding image [image/png 51203 bytes]


    Embedding image [image/png 51957 bytes]

  Given I have entered valid information and message      # StepDef.ContactPageStepDef.i_have_entered_valid_information_and_message()
  Given I have entered valid information and message      # StepDef.ContactPageStepDef.i_have_entered_valid_information_and_message()

    Embedding image [image/png 49636 bytes]

  When I click Submit button                              # StepDef.ContactPageStepDef.i_click_submit_button()
  Given I have entered valid information and message      # StepDef.ContactPageStepDef.i_have_entered_valid_information_and_message()
  When I click Submit button                                                                                                                                                                                                      # StepDef.ContactPageStepDef.i_click_submit_button()

    Embedding image [image/png 49611 bytes]


    Embedding image [image/png 49318 bytes]

  When I click Submit button                                                                                                                                                                                             # StepDef.ContactPageStepDef.i_click_submit_button()
  When I click Submit button                              # StepDef.ContactPageStepDef.i_click_submit_button()

    Embedding image [image/png 49190 bytes]


    Embedding image [image/png 48244 bytes]

  When I click Submit button                              # StepDef.ContactPageStepDef.i_click_submit_button()

    Embedding image [image/png 52621 bytes]

  When I click Submit button                              # StepDef.ContactPageStepDef.i_click_submit_button()
  When I click Submit button                              # StepDef.ContactPageStepDef.i_click_submit_button()
Already have the price for item Fluffy Bunny
  And I take note of the price and buy 5 "Fluffy Bunny"                         # StepDef.ShopAndCartStepDef.i_take_note_of_the_price_and_buy(java.lang.Integer,java.lang.String)

    Embedding image [image/png 48302 bytes]

  Then I should see the following error messages indicating "We welcome your feedback - but we won't get it unless you complete the form correctly.", "Forename is required", "Please enter a valid email", "Message is required" # StepDef.ContactPageStepDef.i_should_see_the_following_error_messages_indicating(java.lang.String,java.lang.String,java.lang.String,java.lang.String)

    Embedding image [image/png 48299 bytes]


    Embedding image [image/png 48301 bytes]


    Embedding image [image/png 283630 bytes]


    Embedding image [image/png 48241 bytes]


    Embedding image [image/png 52652 bytes]

Already have the price for item Valentine Bear
  And I take note of the price and buy 3 "Valentine Bear"                       # StepDef.ShopAndCartStepDef.i_take_note_of_the_price_and_buy(java.lang.Integer,java.lang.String)

    Embedding image [image/png 55568 bytes]

]]></system-out>
    <system-err><![CDATA[SLF4J: Failed to load class "org.slf4j.impl.StaticLoggerBinder".
SLF4J: Defaulting to no-operation (NOP) logger implementation
SLF4J: See http://www.slf4j.org/codes.html#StaticLoggerBinder for further details.
ERROR StatusLogger Log4j2 could not find a logging implementation. Please add log4j-core to the classpath. Using SimpleLogger to log to the console...
Nov 03, 2023 2:22:40 PM org.openqa.selenium.devtools.CdpVersionFinder findNearestMatch
WARNING: Unable to find an exact match for CDP version 119, so returning the closest version found: 116
Nov 03, 2023 2:22:40 PM org.openqa.selenium.devtools.CdpVersionFinder findNearestMatch
WARNING: Unable to find an exact match for CDP version 119, so returning the closest version found: 116
Nov 03, 2023 2:22:40 PM org.openqa.selenium.devtools.CdpVersionFinder findNearestMatch
WARNING: Unable to find an exact match for CDP version 119, so returning the closest version found: 116
Nov 03, 2023 2:22:40 PM org.openqa.selenium.devtools.CdpVersionFinder findNearestMatch
WARNING: Unable to find an exact match for CDP version 119, so returning the closest version found: 116
Nov 03, 2023 2:22:40 PM org.openqa.selenium.devtools.CdpVersionFinder findNearestMatch
WARNING: Unable to find an exact match for CDP version 119, so returning the closest version found: 116
Nov 03, 2023 2:22:40 PM org.openqa.selenium.devtools.CdpVersionFinder findNearestMatch
WARNING: Unable to find an exact match for CDP version 119, so returning the closest version found: 116
Nov 03, 2023 2:22:40 PM org.openqa.selenium.devtools.CdpVersionFinder findNearestMatch
WARNING: Unable to find an exact match for CDP version 119, so returning the closest version found: 116
Nov 03, 2023 2:22:40 PM org.openqa.selenium.devtools.CdpVersionFinder findNearestMatch
WARNING: Unable to find an exact match for CDP version 119, so returning the closest version found: 116
]]></system-err>
  </testcase>
  <testcase name="runScenario[&quot;Unsuccessful submission of info and message&quot;, &quot;Contact page functionality for Jupiter Toys website&quot;](2)" classname="runner.TestRunner" time="8.698">
    <system-out><![CDATA[
    Embedding image [image/png 283598 bytes]

  Then I should see the following error messages indicating "We welcome your feedback - but we won't get it unless you complete the form correctly.", "Forename is required", "Email is required", "Message is required" # StepDef.ContactPageStepDef.i_should_see_the_following_error_messages_indicating(java.lang.String,java.lang.String,java.lang.String,java.lang.String)

    Embedding image [image/png 55568 bytes]

]]></system-out>
  </testcase>
  <testcase name="runScenario[&quot;Successfully added to cart and validate price&quot;, &quot;Shop page and Cart functionality for Jupiter Toys website&quot;](3)" classname="runner.TestRunner" time="9.397">
    <system-out><![CDATA[item subtotal: 21.98 actual item subtotal: 21.98 Added total:21.98
item subtotal: 49.95 actual item subtotal: 49.95 Added total:71.93
item subtotal: 44.97 actual item subtotal: 44.97 Added total:116.9
116.9 116.9
  Then I should be able to verify if the price and total is correct in the cart # StepDef.ShopAndCartStepDef.i_should_be_able_to_verify_if_the_price_and_total_is_correct_in_the_cart()

    Embedding image [image/png 51939 bytes]

  Then I should be able to send the feedback successfully # StepDef.ContactPageStepDef.i_should_be_able_to_send_the_feedback_successfully()
]]></system-out>
  </testcase>
  <testcase name="runScenario[&quot;Successful submission of info and message&quot;, &quot;Contact page functionality for Jupiter Toys website&quot;](4)" classname="runner.TestRunner" time="9.693">
    <system-out><![CDATA[
    Embedding image [image/png 26443 bytes]

]]></system-out>
  </testcase>
  <testcase name="runScenario[&quot;Successful submission of info and message&quot;, &quot;Contact page functionality for Jupiter Toys website&quot;](5)" classname="runner.TestRunner" time="10.685">
    <system-out><![CDATA[  Then I should be able to send the feedback successfully # StepDef.ContactPageStepDef.i_should_be_able_to_send_the_feedback_successfully()

    Embedding image [image/png 26443 bytes]

]]></system-out>
  </testcase>
  <testcase name="runScenario[&quot;Successful submission of info and message&quot;, &quot;Contact page functionality for Jupiter Toys website&quot;](6)" classname="runner.TestRunner" time="13.442">
    <system-out><![CDATA[  Then I should be able to send the feedback successfully # StepDef.ContactPageStepDef.i_should_be_able_to_send_the_feedback_successfully()

    Embedding image [image/png 26443 bytes]

]]></system-out>
  </testcase>
  <testcase name="runScenario[&quot;Successful submission of info and message&quot;, &quot;Contact page functionality for Jupiter Toys website&quot;](7)" classname="runner.TestRunner" time="14.078">
    <system-out><![CDATA[  Then I should be able to send the feedback successfully # StepDef.ContactPageStepDef.i_should_be_able_to_send_the_feedback_successfully()

    Embedding image [image/png 26443 bytes]

]]></system-out>
  </testcase>
  <testcase name="runScenario[&quot;Successful submission of info and message&quot;, &quot;Contact page functionality for Jupiter Toys website&quot;](8)" classname="runner.TestRunner" time="16.323">
    <system-out><![CDATA[  Then I should be able to send the feedback successfully # StepDef.ContactPageStepDef.i_should_be_able_to_send_the_feedback_successfully()

    Embedding image [image/png 26443 bytes]

]]></system-out>
  </testcase>
</testsuite>