<?xml version="1.0" encoding="UTF-8"?>
<testng-results ignored="0" total="8" passed="8" failed="0" skipped="0">
  <reporter-output>
  </reporter-output>
  <suite started-at="2023-11-03T14:22:36 CST" name="Jupiter Toys Suite" finished-at="2023-11-03T14:22:57 CST" duration-ms="20218">
    <groups>
      <group name="cucumber">
        <method signature="AbstractTestNGCucumberTests.runScenario(io.cucumber.testng.PickleWrapper,io.cucumber.testng.FeatureWrapper)[pri:0, instance:runner.TestRunner@196a42c3]" name="runScenario" class="io.cucumber.testng.AbstractTestNGCucumberTests"/>
      </group> <!-- cucumber -->
    </groups>
    <test started-at="2023-11-03T14:22:36 CST" name="Test" finished-at="2023-11-03T14:22:57 CST" duration-ms="20218">
      <class name="runner.TestRunner">
        <test-method is-config="true" signature="setUpClass(org.testng.ITestContext)[pri:0, instance:runner.TestRunner@196a42c3]" started-at="2023-11-03T14:22:37 CST" name="setUpClass" finished-at="2023-11-03T14:22:37 CST" duration-ms="567" status="PASS">
          <params>
            <param index="0">
              <value>
                <![CDATA[org.testng.TestRunner@5be1d0a4]]>
              </value>
            </param>
          </params>
          <reporter-output>
          </reporter-output>
        </test-method> <!-- setUpClass -->
        <test-method signature="runScenario(io.cucumber.testng.PickleWrapper,io.cucumber.testng.FeatureWrapper)[pri:0, instance:runner.TestRunner@196a42c3]" started-at="2023-11-03T14:22:37 CST" name="runScenario" description="Runs Cucumber Scenarios" data-provider="scenarios" finished-at="2023-11-03T14:22:48 CST" duration-ms="10687" status="PASS">
          <params>
            <param index="0">
              <value>
                <![CDATA["Successful submission of info and message"]]>
              </value>
            </param>
            <param index="1">
              <value>
                <![CDATA["Contact page functionality for Jupiter Toys website"]]>
              </value>
            </param>
          </params>
          <reporter-output>
          </reporter-output>
        </test-method> <!-- runScenario -->
        <test-method signature="runScenario(io.cucumber.testng.PickleWrapper,io.cucumber.testng.FeatureWrapper)[pri:0, instance:runner.TestRunner@196a42c3]" started-at="2023-11-03T14:22:37 CST" name="runScenario" description="Runs Cucumber Scenarios" data-provider="scenarios" finished-at="2023-11-03T14:22:47 CST" duration-ms="9696" status="PASS">
          <params>
            <param index="0">
              <value>
                <![CDATA["Successful submission of info and message"]]>
              </value>
            </param>
            <param index="1">
              <value>
                <![CDATA["Contact page functionality for Jupiter Toys website"]]>
              </value>
            </param>
          </params>
          <reporter-output>
          </reporter-output>
        </test-method> <!-- runScenario -->
        <test-method signature="runScenario(io.cucumber.testng.PickleWrapper,io.cucumber.testng.FeatureWrapper)[pri:0, instance:runner.TestRunner@196a42c3]" started-at="2023-11-03T14:22:37 CST" name="runScenario" description="Runs Cucumber Scenarios" data-provider="scenarios" finished-at="2023-11-03T14:22:46 CST" duration-ms="8701" status="PASS">
          <params>
            <param index="0">
              <value>
                <![CDATA["Unsuccessful submission of info and message"]]>
              </value>
            </param>
            <param index="1">
              <value>
                <![CDATA["Contact page functionality for Jupiter Toys website"]]>
              </value>
            </param>
          </params>
          <reporter-output>
          </reporter-output>
        </test-method> <!-- runScenario -->
        <test-method signature="runScenario(io.cucumber.testng.PickleWrapper,io.cucumber.testng.FeatureWrapper)[pri:0, instance:runner.TestRunner@196a42c3]" started-at="2023-11-03T14:22:37 CST" name="runScenario" description="Runs Cucumber Scenarios" data-provider="scenarios" finished-at="2023-11-03T14:22:46 CST" duration-ms="9399" status="PASS">
          <params>
            <param index="0">
              <value>
                <![CDATA["Successfully added to cart and validate price"]]>
              </value>
            </param>
            <param index="1">
              <value>
                <![CDATA["Shop page and Cart functionality for Jupiter Toys website"]]>
              </value>
            </param>
          </params>
          <reporter-output>
          </reporter-output>
        </test-method> <!-- runScenario -->
        <test-method signature="runScenario(io.cucumber.testng.PickleWrapper,io.cucumber.testng.FeatureWrapper)[pri:0, instance:runner.TestRunner@196a42c3]" started-at="2023-11-03T14:22:37 CST" name="runScenario" description="Runs Cucumber Scenarios" data-provider="scenarios" finished-at="2023-11-03T14:22:53 CST" duration-ms="16325" status="PASS">
          <params>
            <param index="0">
              <value>
                <![CDATA["Successful submission of info and message"]]>
              </value>
            </param>
            <param index="1">
              <value>
                <![CDATA["Contact page functionality for Jupiter Toys website"]]>
              </value>
            </param>
          </params>
          <reporter-output>
          </reporter-output>
        </test-method> <!-- runScenario -->
        <test-method signature="runScenario(io.cucumber.testng.PickleWrapper,io.cucumber.testng.FeatureWrapper)[pri:0, instance:runner.TestRunner@196a42c3]" started-at="2023-11-03T14:22:37 CST" name="runScenario" description="Runs Cucumber Scenarios" data-provider="scenarios" finished-at="2023-11-03T14:22:51 CST" duration-ms="14081" status="PASS">
          <params>
            <param index="0">
              <value>
                <![CDATA["Successful submission of info and message"]]>
              </value>
            </param>
            <param index="1">
              <value>
                <![CDATA["Contact page functionality for Jupiter Toys website"]]>
              </value>
            </param>
          </params>
          <reporter-output>
          </reporter-output>
        </test-method> <!-- runScenario -->
        <test-method signature="runScenario(io.cucumber.testng.PickleWrapper,io.cucumber.testng.FeatureWrapper)[pri:0, instance:runner.TestRunner@196a42c3]" started-at="2023-11-03T14:22:37 CST" name="runScenario" description="Runs Cucumber Scenarios" data-provider="scenarios" finished-at="2023-11-03T14:22:45 CST" duration-ms="8130" status="PASS">
          <params>
            <param index="0">
              <value>
                <![CDATA["Unsuccessful submission of info and message"]]>
              </value>
            </param>
            <param index="1">
              <value>
                <![CDATA["Contact page functionality for Jupiter Toys website"]]>
              </value>
            </param>
          </params>
          <reporter-output>
          </reporter-output>
        </test-method> <!-- runScenario -->
        <test-method signature="runScenario(io.cucumber.testng.PickleWrapper,io.cucumber.testng.FeatureWrapper)[pri:0, instance:runner.TestRunner@196a42c3]" started-at="2023-11-03T14:22:37 CST" name="runScenario" description="Runs Cucumber Scenarios" data-provider="scenarios" finished-at="2023-11-03T14:22:51 CST" duration-ms="13444" status="PASS">
          <params>
            <param index="0">
              <value>
                <![CDATA["Successful submission of info and message"]]>
              </value>
            </param>
            <param index="1">
              <value>
                <![CDATA["Contact page functionality for Jupiter Toys website"]]>
              </value>
            </param>
          </params>
          <reporter-output>
          </reporter-output>
        </test-method> <!-- runScenario -->
        <test-method is-config="true" signature="tearDownClass()[pri:0, instance:runner.TestRunner@196a42c3]" started-at="2023-11-03T14:22:53 CST" name="tearDownClass" finished-at="2023-11-03T14:22:57 CST" duration-ms="3298" status="PASS">
          <reporter-output>
          </reporter-output>
        </test-method> <!-- tearDownClass -->
      </class> <!-- runner.TestRunner -->
    </test> <!-- Test -->
  </suite> <!-- Jupiter Toys Suite -->
</testng-results>
