<?xml version="1.0" encoding="UTF-8"?>
<testsuite xmlns:xsi="http://www.w3.org/2001/XMLSchema-instance" xsi:noNamespaceSchemaLocation="https://maven.apache.org/surefire/maven-surefire-plugin/xsd/surefire-test-report-3.0.xsd" version="3.0" name="TestSuite" time="7.194" tests="8" errors="0" skipped="0" failures="8">
  <properties>
[...]
</properties>
  <testcase name="runScenario[&quot;Successful submission of info and message&quot;, &quot;Contact page functionality for Jupiter Toys website&quot;](1)" classname="runner.TestRunner" time="2.941">
    <failure message="Cannot invoke &quot;StepDef.Hooks.getWebDriver()&quot; because &quot;this.hooks&quot; is null" type="java.lang.NullPointerException"><![CDATA[java.lang.NullPointerException: Cannot invoke "StepDef.Hooks.getWebDriver()" because "this.hooks" is null
	at StepDef.ContactPageStepDef.i_am_on_the_jupiter_toys_contact_page(ContactPageStepDef.java:30)
	at ✽.I am on the Jupiter Toys contact page(file:///C:/Users/johnm/eclipse-workspace/Sample_Maven_TestNG/src/test/resources/features/contact.feature:8)
]]></failure>
    <system-out><![CDATA[
Scenario: Successful submission of info and message       # src/test/resources/features/contact.feature:30

Scenario: Successful submission of info and message       # src/test/resources/features/contact.feature:31

Scenario: Successful submission of info and message       # src/test/resources/features/contact.feature:32

Scenario: Successfully added to cart and validate price             # src/test/resources/features/Shop.feature:10

Scenario Outline: Unsuccessful submission of info and message                                                                                                                                                                     # src/test/resources/features/contact.feature:18

Scenario Outline: Unsuccessful submission of info and message                                                                                                                                                            # src/test/resources/features/contact.feature:17

Scenario: Successful submission of info and message       # src/test/resources/features/contact.feature:28

Scenario: Successful submission of info and message       # src/test/resources/features/contact.feature:29
  Given I am on the Jupiter Toys contact page             # StepDef.ContactPageStepDef.i_am_on_the_jupiter_toys_contact_page()
      java.lang.NullPointerException: Cannot invoke "StepDef.Hooks.getWebDriver()" because "this.hooks" is null
	at StepDef.ContactPageStepDef.i_am_on_the_jupiter_toys_contact_page(ContactPageStepDef.java:30)
	at âœ½.I am on the Jupiter Toys contact page(file:///C:/Users/johnm/eclipse-workspace/Sample_Maven_TestNG/src/test/resources/features/contact.feature:8)


    Embedding image [image/png 8532 bytes]

  Given I have entered valid information and message      # StepDef.ContactPageStepDef.i_have_entered_valid_information_and_message()
  When I click Submit button                              # StepDef.ContactPageStepDef.i_click_submit_button()
  Then I should be able to send the feedback successfully # StepDef.ContactPageStepDef.i_should_be_able_to_send_the_feedback_successfully()
  Given I am on the Jupiter Toys contact page             # StepDef.ContactPageStepDef.i_am_on_the_jupiter_toys_contact_page()
      java.lang.NullPointerException: Cannot invoke "StepDef.Hooks.getWebDriver()" because "this.hooks" is null
	at StepDef.ContactPageStepDef.i_am_on_the_jupiter_toys_contact_page(ContactPageStepDef.java:30)
	at âœ½.I am on the Jupiter Toys contact page(file:///C:/Users/johnm/eclipse-workspace/Sample_Maven_TestNG/src/test/resources/features/contact.feature:8)

  Given I am on the Jupiter Toys shop page                          # StepDef.ShopAndCartStepDef.i_am_on_the_jupiter_toys_shop_page()
      java.lang.NullPointerException: Cannot invoke "org.openqa.selenium.WebDriver.get(String)" because "this.driver" is null
	at StepDef.ShopAndCartStepDef.i_am_on_the_jupiter_toys_shop_page(ShopAndCartStepDef.java:72)
	at âœ½.I am on the Jupiter Toys shop page(file:///C:/Users/johnm/eclipse-workspace/Sample_Maven_TestNG/src/test/resources/features/Shop.feature:8)

  Given I am on the Jupiter Toys contact page             # StepDef.ContactPageStepDef.i_am_on_the_jupiter_toys_contact_page()
      java.lang.NullPointerException: Cannot invoke "StepDef.Hooks.getWebDriver()" because "this.hooks" is null
	at StepDef.ContactPageStepDef.i_am_on_the_jupiter_toys_contact_page(ContactPageStepDef.java:30)
	at âœ½.I am on the Jupiter Toys contact page(file:///C:/Users/johnm/eclipse-workspace/Sample_Maven_TestNG/src/test/resources/features/contact.feature:8)

  Given I am on the Jupiter Toys contact page             # StepDef.ContactPageStepDef.i_am_on_the_jupiter_toys_contact_page()
      java.lang.NullPointerException: Cannot invoke "StepDef.Hooks.getWebDriver()" because "this.hooks" is null
	at StepDef.ContactPageStepDef.i_am_on_the_jupiter_toys_contact_page(ContactPageStepDef.java:30)
	at âœ½.I am on the Jupiter Toys contact page(file:///C:/Users/johnm/eclipse-workspace/Sample_Maven_TestNG/src/test/resources/features/contact.feature:8)

  Given I am on the Jupiter Toys contact page                                                                                                                                                                                     # StepDef.ContactPageStepDef.i_am_on_the_jupiter_toys_contact_page()
      java.lang.NullPointerException: Cannot invoke "StepDef.Hooks.getWebDriver()" because "this.hooks" is null
	at StepDef.ContactPageStepDef.i_am_on_the_jupiter_toys_contact_page(ContactPageStepDef.java:30)
	at âœ½.I am on the Jupiter Toys contact page(file:///C:/Users/johnm/eclipse-workspace/Sample_Maven_TestNG/src/test/resources/features/contact.feature:8)

  Given I am on the Jupiter Toys contact page                                                                                                                                                                            # StepDef.ContactPageStepDef.i_am_on_the_jupiter_toys_contact_page()
      java.lang.NullPointerException: Cannot invoke "StepDef.Hooks.getWebDriver()" because "this.hooks" is null
	at StepDef.ContactPageStepDef.i_am_on_the_jupiter_toys_contact_page(ContactPageStepDef.java:30)
	at âœ½.I am on the Jupiter Toys contact page(file:///C:/Users/johnm/eclipse-workspace/Sample_Maven_TestNG/src/test/resources/features/contact.feature:8)


    Embedding image [image/png 8532 bytes]

  Given I have entered valid information and message      # StepDef.ContactPageStepDef.i_have_entered_valid_information_and_message()
  When I click Submit button                              # StepDef.ContactPageStepDef.i_click_submit_button()
  Then I should be able to send the feedback successfully # StepDef.ContactPageStepDef.i_should_be_able_to_send_the_feedback_successfully()

    Embedding image [image/png 8532 bytes]

  Given I have entered valid information and message      # StepDef.ContactPageStepDef.i_have_entered_valid_information_and_message()
  When I click Submit button                              # StepDef.ContactPageStepDef.i_click_submit_button()
  Then I should be able to send the feedback successfully # StepDef.ContactPageStepDef.i_should_be_able_to_send_the_feedback_successfully()

    Embedding image [image/png 8532 bytes]

  Given I am on the Shop page                                       # StepDef.ShopAndCartStepDef.i_am_on_the_shop_page()
  When I take note of the price and buy 2 "Stuffed Frog"            # StepDef.ShopAndCartStepDef.i_take_note_of_the_price_and_buy(java.lang.Integer,java.lang.String)
  And I take note of the price and buy 5 "Fluffy Bunny"             # StepDef.ShopAndCartStepDef.i_take_note_of_the_price_and_buy(java.lang.Integer,java.lang.String)
  And I take note of the price and buy 3 "Valentine Bear"           # StepDef.ShopAndCartStepDef.i_take_note_of_the_price_and_buy(java.lang.Integer,java.lang.String)
  Then I should be able to verify if the price and total is correct # StepDef.ShopAndCartStepDef.i_should_be_able_to_verify_if_the_price_and_total_is_correct()

    Embedding image [image/png 8532 bytes]

  Given I have entered valid information and message      # StepDef.ContactPageStepDef.i_have_entered_valid_information_and_message()
  When I click Submit button                              # StepDef.ContactPageStepDef.i_click_submit_button()
  Then I should be able to send the feedback successfully # StepDef.ContactPageStepDef.i_should_be_able_to_send_the_feedback_successfully()

    Embedding image [image/png 8532 bytes]

  Given I have entered invalid "", "test", ""                                                                                                                                                                                     # StepDef.ContactPageStepDef.i_have_entered_invalid(java.lang.String,java.lang.String,java.lang.String)
  When I click Submit button                                                                                                                                                                                                      # StepDef.ContactPageStepDef.i_click_submit_button()
  Then I should see the following error messages indicating "We welcome your feedback - but we won't get it unless you complete the form correctly.", "Forename is required", "Please enter a valid email", "Message is required" # StepDef.ContactPageStepDef.i_should_see_the_following_error_messages_indicating(java.lang.String,java.lang.String,java.lang.String,java.lang.String)

    Embedding image [image/png 8532 bytes]

  Given I have entered invalid "", "", ""                                                                                                                                                                                # StepDef.ContactPageStepDef.i_have_entered_invalid(java.lang.String,java.lang.String,java.lang.String)
  When I click Submit button                                                                                                                                                                                             # StepDef.ContactPageStepDef.i_click_submit_button()
  Then I should see the following error messages indicating "We welcome your feedback - but we won't get it unless you complete the form correctly.", "Forename is required", "Email is required", "Message is required" # StepDef.ContactPageStepDef.i_should_see_the_following_error_messages_indicating(java.lang.String,java.lang.String,java.lang.String,java.lang.String)
]]></system-out>
    <system-err><![CDATA[SLF4J: Failed to load class "org.slf4j.impl.StaticLoggerBinder".
SLF4J: Defaulting to no-operation (NOP) logger implementation
SLF4J: See http://www.slf4j.org/codes.html#StaticLoggerBinder for further details.
ERROR StatusLogger Log4j2 could not find a logging implementation. Please add log4j-core to the classpath. Using SimpleLogger to log to the console...
Oct 30, 2023 6:35:37 PM org.openqa.selenium.devtools.CdpVersionFinder findNearestMatch
WARNING: Unable to find an exact match for CDP version 118, so returning the closest version found: 116
Oct 30, 2023 6:35:37 PM org.openqa.selenium.devtools.CdpVersionFinder findNearestMatch
WARNING: Unable to find an exact match for CDP version 118, so returning the closest version found: 116
Oct 30, 2023 6:35:37 PM org.openqa.selenium.devtools.CdpVersionFinder findNearestMatch
WARNING: Unable to find an exact match for CDP version 118, so returning the closest version found: 116
Oct 30, 2023 6:35:37 PM org.openqa.selenium.devtools.CdpVersionFinder findNearestMatch
WARNING: Unable to find an exact match for CDP version 118, so returning the closest version found: 116
Oct 30, 2023 6:35:37 PM org.openqa.selenium.devtools.CdpVersionFinder findNearestMatch
WARNING: Unable to find an exact match for CDP version 118, so returning the closest version found: 116
Oct 30, 2023 6:35:37 PM org.openqa.selenium.devtools.CdpVersionFinder findNearestMatch
WARNING: Unable to find an exact match for CDP version 118, so returning the closest version found: 116
Oct 30, 2023 6:35:37 PM org.openqa.selenium.devtools.CdpVersionFinder findNearestMatch
WARNING: Unable to find an exact match for CDP version 118, so returning the closest version found: 116
Oct 30, 2023 6:35:38 PM org.openqa.selenium.devtools.CdpVersionFinder findNearestMatch
WARNING: Unable to find an exact match for CDP version 118, so returning the closest version found: 116
]]></system-err>
  </testcase>
  <testcase name="runScenario[&quot;Successful submission of info and message&quot;, &quot;Contact page functionality for Jupiter Toys website&quot;](2)" classname="runner.TestRunner" time="3.087">
    <failure message="Cannot invoke &quot;StepDef.Hooks.getWebDriver()&quot; because &quot;this.hooks&quot; is null" type="java.lang.NullPointerException"><![CDATA[java.lang.NullPointerException: Cannot invoke "StepDef.Hooks.getWebDriver()" because "this.hooks" is null
	at StepDef.ContactPageStepDef.i_am_on_the_jupiter_toys_contact_page(ContactPageStepDef.java:30)
	at ✽.I am on the Jupiter Toys contact page(file:///C:/Users/johnm/eclipse-workspace/Sample_Maven_TestNG/src/test/resources/features/contact.feature:8)
]]></failure>
    <system-out><![CDATA[  Given I am on the Jupiter Toys contact page             # StepDef.ContactPageStepDef.i_am_on_the_jupiter_toys_contact_page()
      java.lang.NullPointerException: Cannot invoke "StepDef.Hooks.getWebDriver()" because "this.hooks" is null
	at StepDef.ContactPageStepDef.i_am_on_the_jupiter_toys_contact_page(ContactPageStepDef.java:30)
	at âœ½.I am on the Jupiter Toys contact page(file:///C:/Users/johnm/eclipse-workspace/Sample_Maven_TestNG/src/test/resources/features/contact.feature:8)

]]></system-out>
    <system-err><![CDATA[Oct 30, 2023 6:35:38 PM org.openqa.selenium.remote.http.WebSocket$Listener onError
WARNING: Connection reset
java.net.SocketException: Connection reset
	at java.base/sun.nio.ch.SocketChannelImpl.throwConnectionReset(SocketChannelImpl.java:394)
	at java.base/sun.nio.ch.SocketChannelImpl.read(SocketChannelImpl.java:426)
	at io.netty.buffer.PooledByteBuf.setBytes(PooledByteBuf.java:254)
	at io.netty.buffer.AbstractByteBuf.writeBytes(AbstractByteBuf.java:1132)
	at io.netty.channel.socket.nio.NioSocketChannel.doReadBytes(NioSocketChannel.java:357)
	at io.netty.channel.nio.AbstractNioByteChannel$NioByteUnsafe.read(AbstractNioByteChannel.java:151)
	at io.netty.channel.nio.NioEventLoop.processSelectedKey(NioEventLoop.java:788)
	at io.netty.channel.nio.NioEventLoop.processSelectedKeysOptimized(NioEventLoop.java:724)
	at io.netty.channel.nio.NioEventLoop.processSelectedKeys(NioEventLoop.java:650)
	at io.netty.channel.nio.NioEventLoop.run(NioEventLoop.java:562)
	at io.netty.util.concurrent.SingleThreadEventExecutor$4.run(SingleThreadEventExecutor.java:997)
	at io.netty.util.internal.ThreadExecutorMap$2.run(ThreadExecutorMap.java:74)
	at io.netty.util.concurrent.FastThreadLocalRunnable.run(FastThreadLocalRunnable.java:30)
	at java.base/java.lang.Thread.run(Thread.java:833)

]]></system-err>
  </testcase>
  <testcase name="runScenario[&quot;Successful submission of info and message&quot;, &quot;Contact page functionality for Jupiter Toys website&quot;](3)" classname="runner.TestRunner" time="3.088">
    <failure message="Cannot invoke &quot;StepDef.Hooks.getWebDriver()&quot; because &quot;this.hooks&quot; is null" type="java.lang.NullPointerException"><![CDATA[java.lang.NullPointerException: Cannot invoke "StepDef.Hooks.getWebDriver()" because "this.hooks" is null
	at StepDef.ContactPageStepDef.i_am_on_the_jupiter_toys_contact_page(ContactPageStepDef.java:30)
	at ✽.I am on the Jupiter Toys contact page(file:///C:/Users/johnm/eclipse-workspace/Sample_Maven_TestNG/src/test/resources/features/contact.feature:8)
]]></failure>
  </testcase>
  <testcase name="runScenario[&quot;Successfully added to cart and validate price&quot;, &quot;Shop page and Cart functionality for Jupiter Toys website&quot;](4)" classname="runner.TestRunner" time="3.121">
    <failure message="Cannot invoke &quot;org.openqa.selenium.WebDriver.get(String)&quot; because &quot;this.driver&quot; is null" type="java.lang.NullPointerException"><![CDATA[java.lang.NullPointerException: Cannot invoke "org.openqa.selenium.WebDriver.get(String)" because "this.driver" is null
	at StepDef.ShopAndCartStepDef.i_am_on_the_jupiter_toys_shop_page(ShopAndCartStepDef.java:72)
	at ✽.I am on the Jupiter Toys shop page(file:///C:/Users/johnm/eclipse-workspace/Sample_Maven_TestNG/src/test/resources/features/Shop.feature:8)
]]></failure>
    <system-out><![CDATA[
    Embedding image [image/png 8532 bytes]

  Given I have entered valid information and message      # StepDef.ContactPageStepDef.i_have_entered_valid_information_and_message()
  When I click Submit button                              # StepDef.ContactPageStepDef.i_click_submit_button()
  Then I should be able to send the feedback successfully # StepDef.ContactPageStepDef.i_should_be_able_to_send_the_feedback_successfully()
]]></system-out>
  </testcase>
  <testcase name="runScenario[&quot;Unsuccessful submission of info and message&quot;, &quot;Contact page functionality for Jupiter Toys website&quot;](5)" classname="runner.TestRunner" time="3.121">
    <failure message="Cannot invoke &quot;StepDef.Hooks.getWebDriver()&quot; because &quot;this.hooks&quot; is null" type="java.lang.NullPointerException"><![CDATA[java.lang.NullPointerException: Cannot invoke "StepDef.Hooks.getWebDriver()" because "this.hooks" is null
	at StepDef.ContactPageStepDef.i_am_on_the_jupiter_toys_contact_page(ContactPageStepDef.java:30)
	at ✽.I am on the Jupiter Toys contact page(file:///C:/Users/johnm/eclipse-workspace/Sample_Maven_TestNG/src/test/resources/features/contact.feature:8)
]]></failure>
  </testcase>
  <testcase name="runScenario[&quot;Successful submission of info and message&quot;, &quot;Contact page functionality for Jupiter Toys website&quot;](6)" classname="runner.TestRunner" time="3.179">
    <failure message="Cannot invoke &quot;StepDef.Hooks.getWebDriver()&quot; because &quot;this.hooks&quot; is null" type="java.lang.NullPointerException"><![CDATA[java.lang.NullPointerException: Cannot invoke "StepDef.Hooks.getWebDriver()" because "this.hooks" is null
	at StepDef.ContactPageStepDef.i_am_on_the_jupiter_toys_contact_page(ContactPageStepDef.java:30)
	at ✽.I am on the Jupiter Toys contact page(file:///C:/Users/johnm/eclipse-workspace/Sample_Maven_TestNG/src/test/resources/features/contact.feature:8)
]]></failure>
  </testcase>
  <testcase name="runScenario[&quot;Unsuccessful submission of info and message&quot;, &quot;Contact page functionality for Jupiter Toys website&quot;](7)" classname="runner.TestRunner" time="3.226">
    <failure message="Cannot invoke &quot;StepDef.Hooks.getWebDriver()&quot; because &quot;this.hooks&quot; is null" type="java.lang.NullPointerException"><![CDATA[java.lang.NullPointerException: Cannot invoke "StepDef.Hooks.getWebDriver()" because "this.hooks" is null
	at StepDef.ContactPageStepDef.i_am_on_the_jupiter_toys_contact_page(ContactPageStepDef.java:30)
	at ✽.I am on the Jupiter Toys contact page(file:///C:/Users/johnm/eclipse-workspace/Sample_Maven_TestNG/src/test/resources/features/contact.feature:8)
]]></failure>
  </testcase>
  <testcase name="runScenario[&quot;Successful submission of info and message&quot;, &quot;Contact page functionality for Jupiter Toys website&quot;](8)" classname="runner.TestRunner" time="3.304">
    <failure message="Cannot invoke &quot;StepDef.Hooks.getWebDriver()&quot; because &quot;this.hooks&quot; is null" type="java.lang.NullPointerException"><![CDATA[java.lang.NullPointerException: Cannot invoke "StepDef.Hooks.getWebDriver()" because "this.hooks" is null
	at StepDef.ContactPageStepDef.i_am_on_the_jupiter_toys_contact_page(ContactPageStepDef.java:30)
	at ✽.I am on the Jupiter Toys contact page(file:///C:/Users/johnm/eclipse-workspace/Sample_Maven_TestNG/src/test/resources/features/contact.feature:8)
]]></failure>
  </testcase>
</testsuite>