<?xml version="1.0" encoding="UTF-8"?>
<testng-results ignored="0" total="8" passed="8" failed="0" skipped="0">
  <reporter-output>
  </reporter-output>
  <suite started-at="2023-10-30T18:55:45 CST" name="Default suite" finished-at="2023-10-30T18:56:03 CST" duration-ms="17369">
    <groups>
      <group name="cucumber">
        <method signature="AbstractTestNGCucumberTests.runScenario(io.cucumber.testng.PickleWrapper,io.cucumber.testng.FeatureWrapper)[pri:0, instance:runner.TestRunner@61c4eee0]" name="runScenario" class="io.cucumber.testng.AbstractTestNGCucumberTests"/>
      </group> <!-- cucumber -->
    </groups>
    <test started-at="2023-10-30T18:55:45 CST" name="Default test" finished-at="2023-10-30T18:56:03 CST" duration-ms="17369">
      <class name="runner.TestRunner">
        <test-method is-config="true" signature="setUpClass(org.testng.ITestContext)[pri:0, instance:runner.TestRunner@61c4eee0]" started-at="2023-10-30T18:55:45 CST" name="setUpClass" finished-at="2023-10-30T18:55:46 CST" duration-ms="572" status="PASS">
          <params>
            <param index="0">
              <value>
                <![CDATA[org.testng.TestRunner@47d023b7]]>
              </value>
            </param>
          </params>
          <reporter-output>
          </reporter-output>
        </test-method> <!-- setUpClass -->
        <test-method signature="runScenario(io.cucumber.testng.PickleWrapper,io.cucumber.testng.FeatureWrapper)[pri:0, instance:runner.TestRunner@61c4eee0]" started-at="2023-10-30T18:55:46 CST" name="runScenario" description="Runs Cucumber Scenarios" data-provider="scenarios" finished-at="2023-10-30T18:55:57 CST" duration-ms="11224" status="PASS">
          <params>
            <param index="0">
              <value>
                <![CDATA["Successful submission of info and message"]]>
              </value>
            </param>
            <param index="1">
              <value>
                <![CDATA["Contact page functionality for Jupiter Toys website"]]>
              </value>
            </param>
          </params>
          <reporter-output>
          </reporter-output>
        </test-method> <!-- runScenario -->
        <test-method signature="runScenario(io.cucumber.testng.PickleWrapper,io.cucumber.testng.FeatureWrapper)[pri:0, instance:runner.TestRunner@61c4eee0]" started-at="2023-10-30T18:55:46 CST" name="runScenario" description="Runs Cucumber Scenarios" data-provider="scenarios" finished-at="2023-10-30T18:55:55 CST" duration-ms="9090" status="PASS">
          <params>
            <param index="0">
              <value>
                <![CDATA["Successfully added to cart and validate price"]]>
              </value>
            </param>
            <param index="1">
              <value>
                <![CDATA["Shop page and Cart functionality for Jupiter Toys website"]]>
              </value>
            </param>
          </params>
          <reporter-output>
          </reporter-output>
        </test-method> <!-- runScenario -->
        <test-method signature="runScenario(io.cucumber.testng.PickleWrapper,io.cucumber.testng.FeatureWrapper)[pri:0, instance:runner.TestRunner@61c4eee0]" started-at="2023-10-30T18:55:46 CST" name="runScenario" description="Runs Cucumber Scenarios" data-provider="scenarios" finished-at="2023-10-30T18:55:57 CST" duration-ms="10520" status="PASS">
          <params>
            <param index="0">
              <value>
                <![CDATA["Successful submission of info and message"]]>
              </value>
            </param>
            <param index="1">
              <value>
                <![CDATA["Contact page functionality for Jupiter Toys website"]]>
              </value>
            </param>
          </params>
          <reporter-output>
          </reporter-output>
        </test-method> <!-- runScenario -->
        <test-method signature="runScenario(io.cucumber.testng.PickleWrapper,io.cucumber.testng.FeatureWrapper)[pri:0, instance:runner.TestRunner@61c4eee0]" started-at="2023-10-30T18:55:46 CST" name="runScenario" description="Runs Cucumber Scenarios" data-provider="scenarios" finished-at="2023-10-30T18:55:54 CST" duration-ms="7829" status="PASS">
          <params>
            <param index="0">
              <value>
                <![CDATA["Unsuccessful submission of info and message"]]>
              </value>
            </param>
            <param index="1">
              <value>
                <![CDATA["Contact page functionality for Jupiter Toys website"]]>
              </value>
            </param>
          </params>
          <reporter-output>
          </reporter-output>
        </test-method> <!-- runScenario -->
        <test-method signature="runScenario(io.cucumber.testng.PickleWrapper,io.cucumber.testng.FeatureWrapper)[pri:0, instance:runner.TestRunner@61c4eee0]" started-at="2023-10-30T18:55:46 CST" name="runScenario" description="Runs Cucumber Scenarios" data-provider="scenarios" finished-at="2023-10-30T18:55:57 CST" duration-ms="10648" status="PASS">
          <params>
            <param index="0">
              <value>
                <![CDATA["Successful submission of info and message"]]>
              </value>
            </param>
            <param index="1">
              <value>
                <![CDATA["Contact page functionality for Jupiter Toys website"]]>
              </value>
            </param>
          </params>
          <reporter-output>
          </reporter-output>
        </test-method> <!-- runScenario -->
        <test-method signature="runScenario(io.cucumber.testng.PickleWrapper,io.cucumber.testng.FeatureWrapper)[pri:0, instance:runner.TestRunner@61c4eee0]" started-at="2023-10-30T18:55:46 CST" name="runScenario" description="Runs Cucumber Scenarios" data-provider="scenarios" finished-at="2023-10-30T18:55:58 CST" duration-ms="11706" status="PASS">
          <params>
            <param index="0">
              <value>
                <![CDATA["Successful submission of info and message"]]>
              </value>
            </param>
            <param index="1">
              <value>
                <![CDATA["Contact page functionality for Jupiter Toys website"]]>
              </value>
            </param>
          </params>
          <reporter-output>
          </reporter-output>
        </test-method> <!-- runScenario -->
        <test-method signature="runScenario(io.cucumber.testng.PickleWrapper,io.cucumber.testng.FeatureWrapper)[pri:0, instance:runner.TestRunner@61c4eee0]" started-at="2023-10-30T18:55:46 CST" name="runScenario" description="Runs Cucumber Scenarios" data-provider="scenarios" finished-at="2023-10-30T18:55:57 CST" duration-ms="10473" status="PASS">
          <params>
            <param index="0">
              <value>
                <![CDATA["Successful submission of info and message"]]>
              </value>
            </param>
            <param index="1">
              <value>
                <![CDATA["Contact page functionality for Jupiter Toys website"]]>
              </value>
            </param>
          </params>
          <reporter-output>
          </reporter-output>
        </test-method> <!-- runScenario -->
        <test-method signature="runScenario(io.cucumber.testng.PickleWrapper,io.cucumber.testng.FeatureWrapper)[pri:0, instance:runner.TestRunner@61c4eee0]" started-at="2023-10-30T18:55:46 CST" name="runScenario" description="Runs Cucumber Scenarios" data-provider="scenarios" finished-at="2023-10-30T18:55:54 CST" duration-ms="8010" status="PASS">
          <params>
            <param index="0">
              <value>
                <![CDATA["Unsuccessful submission of info and message"]]>
              </value>
            </param>
            <param index="1">
              <value>
                <![CDATA["Contact page functionality for Jupiter Toys website"]]>
              </value>
            </param>
          </params>
          <reporter-output>
          </reporter-output>
        </test-method> <!-- runScenario -->
        <test-method is-config="true" signature="tearDownClass()[pri:0, instance:runner.TestRunner@61c4eee0]" started-at="2023-10-30T18:55:58 CST" name="tearDownClass" finished-at="2023-10-30T18:56:03 CST" duration-ms="5063" status="PASS">
          <reporter-output>
          </reporter-output>
        </test-method> <!-- tearDownClass -->
      </class> <!-- runner.TestRunner -->
    </test> <!-- Default test -->
  </suite> <!-- Default suite -->
</testng-results>
